# JRE version: Java(TM) SE Runtime Environment (8.0_151-b12) (build 1.8.0_151-b12)
# Java VM: Java HotSpot(TM) 64-Bit Server VM (25.151-b12 mixed mode linux-amd64 compressed oops)
Heap:
 garbage-first heap   total 430080K, used 262874K [0x00000000c0000000, 0x00000000c0100d20, 0x0000000100000000)
  region size 1024K, 50 young (51200K), 1 survivors (1024K)
 Metaspace       used 141711K, capacity 154600K, committed 154728K, reserved 1183744K
  class space    used 17154K, capacity 20718K, committed 20840K, reserved 1048576K
GC Heap History (10 events):
Event: 745.015 GC heap before
{Heap before GC invocations=64 (full 0):
 garbage-first heap   total 430080K, used 231040K [0x00000000c0000000, 0x00000000c0100d20, 0x0000000100000000)
  region size 1024K, 21 young (21504K), 1 survivors (1024K)
 Metaspace       used 127730K, capacity 139888K, committed 140136K, reserved 1171456K
  class space    used 15365K, capacity 18740K, committed 18792K, reserved 1048576K
Event: 745.064 GC heap after
Heap after GC invocations=65 (full 0):
 garbage-first heap   total 430080K, used 209024K [0x00000000c0000000, 0x00000000c0100d20, 0x0000000100000000)
  region size 1024K, 1 young (1024K), 1 survivors (1024K)
 Metaspace       used 127730K, capacity 139888K, committed 140136K, reserved 1171456K
  class space    used 15365K, capacity 18740K, committed 18792K, reserved 1048576K
}
Event: 746.604 GC heap before
{Heap before GC invocations=65 (full 0):
 garbage-first heap   total 430080K, used 374912K [0x00000000c0000000, 0x00000000c0100d20, 0x0000000100000000)
  region size 1024K, 163 young (166912K), 1 survivors (1024K)
 Metaspace       used 127739K, capacity 139888K, committed 140136K, reserved 1171456K
  class space    used 15365K, capacity 18740K, committed 18792K, reserved 1048576K
Event: 746.636 GC heap after
Heap after GC invocations=66 (full 0):
 garbage-first heap   total 430080K, used 208824K [0x00000000c0000000, 0x00000000c0100d20, 0x0000000100000000)
  region size 1024K, 1 young (1024K), 1 survivors (1024K)
 Metaspace       used 127739K, capacity 139888K, committed 140136K, reserved 1171456K
  class space    used 15365K, capacity 18740K, committed 18792K, reserved 1048576K
}
Event: 802.104 GC heap before
{Heap before GC invocations=66 (full 0):
 garbage-first heap   total 430080K, used 376760K [0x00000000c0000000, 0x00000000c0100d20, 0x0000000100000000)
  region size 1024K, 165 young (168960K), 1 survivors (1024K)
 Metaspace       used 132928K, capacity 145372K, committed 145512K, reserved 1175552K
  class space    used 16003K, capacity 19494K, committed 19560K, reserved 1048576K
Event: 802.146 GC heap after
Heap after GC invocations=67 (full 0):
 garbage-first heap   total 430080K, used 216081K [0x00000000c0000000, 0x00000000c0100d20, 0x0000000100000000)
  region size 1024K, 8 young (8192K), 8 survivors (8192K)
 Metaspace       used 132928K, capacity 145372K, committed 145512K, reserved 1175552K
  class space    used 16003K, capacity 19494K, committed 19560K, reserved 1048576K
}
Event: 807.772 GC heap before
{Heap before GC invocations=68 (full 0):
 garbage-first heap   total 430080K, used 376849K [0x00000000c0000000, 0x00000000c0100d20, 0x0000000100000000)
  region size 1024K, 165 young (168960K), 8 survivors (8192K)
 Metaspace       used 140103K, capacity 153000K, committed 153192K, reserved 1181696K
  class space    used 16943K, capacity 20542K, committed 20584K, reserved 1048576K
Event: 807.820 GC heap after
Heap after GC invocations=69 (full 0):
 garbage-first heap   total 430080K, used 222336K [0x00000000c0000000, 0x00000000c0100d20, 0x0000000100000000)
  region size 1024K, 14 young (14336K), 14 survivors (14336K)
 Metaspace       used 140103K, capacity 153000K, committed 153192K, reserved 1181696K
  class space    used 16943K, capacity 20542K, committed 20584K, reserved 1048576K
}
Event: 808.179 GC heap before
{Heap before GC invocations=69 (full 0):
 garbage-first heap   total 430080K, used 229504K [0x00000000c0000000, 0x00000000c0100d20, 0x0000000100000000)
  region size 1024K, 21 young (21504K), 14 survivors (14336K)
 Metaspace       used 140103K, capacity 153000K, committed 153192K, reserved 1181696K
  class space    used 16943K, capacity 20542K, committed 20584K, reserved 1048576K
Event: 808.245 GC heap after
Heap after GC invocations=70 (full 0):
 garbage-first heap   total 430080K, used 213722K [0x00000000c0000000, 0x00000000c0100d20, 0x0000000100000000)
  region size 1024K, 1 young (1024K), 1 survivors (1024K)
 Metaspace       used 140103K, capacity 153000K, committed 153192K, reserved 1181696K
  class space    used 16943K, capacity 20542K, committed 20584K, reserved 1048576K
}

