# JRE version: Java(TM) SE Runtime Environment (8.0_151-b12) (build 1.8.0_151-b12)
# Java VM: Java HotSpot(TM) 64-Bit Server VM (25.151-b12 mixed mode linux-amd64 compressed oops)
Heap:
 garbage-first heap   total 380928K, used 173191K [0x00000000c0000000, 0x00000000c0100ba0, 0x0000000100000000)
  region size 1024K, 30 young (30720K), 18 survivors (18432K)
 Metaspace       used 138941K, capacity 150890K, committed 151116K, reserved 1179648K
  class space    used 16653K, capacity 19994K, committed 20096K, reserved 1048576K
GC Heap History (10 events):
Event: 172.371 GC heap before
{Heap before GC invocations=37 (full 0):
 garbage-first heap   total 380928K, used 327616K [0x00000000c0000000, 0x00000000c0100ba0, 0x0000000100000000)
  region size 1024K, 186 young (190464K), 1 survivors (1024K)
 Metaspace       used 123720K, capacity 135118K, committed 135372K, reserved 1167360K
  class space    used 14929K, capacity 18176K, committed 18176K, reserved 1048576K
Event: 172.398 GC heap after
Heap after GC invocations=38 (full 0):
 garbage-first heap   total 380928K, used 139200K [0x00000000c0000000, 0x00000000c0100ba0, 0x0000000100000000)
  region size 1024K, 2 young (2048K), 2 survivors (2048K)
 Metaspace       used 123720K, capacity 135118K, committed 135372K, reserved 1167360K
  class space    used 14929K, capacity 18176K, committed 18176K, reserved 1048576K
}
Event: 178.193 GC heap before
{Heap before GC invocations=38 (full 0):
 garbage-first heap   total 380928K, used 330688K [0x00000000c0000000, 0x00000000c0100ba0, 0x0000000100000000)
  region size 1024K, 189 young (193536K), 2 survivors (2048K)
 Metaspace       used 125071K, capacity 136614K, committed 136780K, reserved 1167360K
  class space    used 15037K, capacity 18295K, committed 18304K, reserved 1048576K
Event: 178.251 GC heap after
Heap after GC invocations=39 (full 0):
 garbage-first heap   total 380928K, used 145856K [0x00000000c0000000, 0x00000000c0100ba0, 0x0000000100000000)
  region size 1024K, 9 young (9216K), 9 survivors (9216K)
 Metaspace       used 125071K, capacity 136614K, committed 136780K, reserved 1167360K
  class space    used 15037K, capacity 18295K, committed 18304K, reserved 1048576K
}
Event: 191.070 GC heap before
{Heap before GC invocations=39 (full 0):
 garbage-first heap   total 380928K, used 328128K [0x00000000c0000000, 0x00000000c0100ba0, 0x0000000100000000)
  region size 1024K, 187 young (191488K), 9 survivors (9216K)
 Metaspace       used 133692K, capacity 145704K, committed 145996K, reserved 1175552K
  class space    used 16051K, capacity 19479K, committed 19584K, reserved 1048576K
Event: 191.133 GC heap after
Heap after GC invocations=40 (full 0):
 garbage-first heap   total 380928K, used 158656K [0x00000000c0000000, 0x00000000c0100ba0, 0x0000000100000000)
  region size 1024K, 21 young (21504K), 21 survivors (21504K)
 Metaspace       used 133692K, capacity 145704K, committed 145996K, reserved 1175552K
  class space    used 16051K, capacity 19479K, committed 19584K, reserved 1048576K
}
Event: 241.615 GC heap before
{Heap before GC invocations=40 (full 0):
 garbage-first heap   total 380928K, used 316352K [0x00000000c0000000, 0x00000000c0100ba0, 0x0000000100000000)
  region size 1024K, 175 young (179200K), 21 survivors (21504K)
 Metaspace       used 137518K, capacity 149432K, committed 149708K, reserved 1179648K
  class space    used 16532K, capacity 19911K, committed 19968K, reserved 1048576K
Event: 241.676 GC heap after
Heap after GC invocations=41 (full 0):
 garbage-first heap   total 380928K, used 156807K [0x00000000c0000000, 0x00000000c0100ba0, 0x0000000100000000)
  region size 1024K, 13 young (13312K), 13 survivors (13312K)
 Metaspace       used 137518K, capacity 149432K, committed 149708K, reserved 1179648K
  class space    used 16532K, capacity 19911K, committed 19968K, reserved 1048576K
}
Event: 396.948 GC heap before
{Heap before GC invocations=41 (full 0):
 garbage-first heap   total 380928K, used 324743K [0x00000000c0000000, 0x00000000c0100ba0, 0x0000000100000000)
  region size 1024K, 177 young (181248K), 13 survivors (13312K)
 Metaspace       used 138924K, capacity 150890K, committed 151116K, reserved 1179648K
  class space    used 16653K, capacity 19994K, committed 20096K, reserved 1048576K
Event: 397.018 GC heap after
Heap after GC invocations=42 (full 0):
 garbage-first heap   total 380928K, used 161927K [0x00000000c0000000, 0x00000000c0100ba0, 0x0000000100000000)
  region size 1024K, 18 young (18432K), 18 survivors (18432K)
 Metaspace       used 138924K, capacity 150890K, committed 151116K, reserved 1179648K
  class space    used 16653K, capacity 19994K, committed 20096K, reserved 1048576K
}

