# JRE version: Java(TM) SE Runtime Environment (8.0_151-b12) (build 1.8.0_151-b12)
# Java VM: Java HotSpot(TM) 64-Bit Server VM (25.151-b12 mixed mode linux-amd64 compressed oops)
Heap:
 garbage-first heap   total 372736K, used 287330K [0x00000000c0000000, 0x00000000c0100b60, 0x0000000100000000)
  region size 1024K, 151 young (154624K), 23 survivors (23552K)
 Metaspace       used 133788K, capacity 145738K, committed 146048K, reserved 1175552K
  class space    used 16210K, capacity 19547K, committed 19660K, reserved 1048576K
GC Heap History (10 events):
Event: 170.549 GC heap before
{Heap before GC invocations=35 (full 0):
 garbage-first heap   total 372736K, used 142334K [0x00000000c0000000, 0x00000000c0100b60, 0x0000000100000000)
  region size 1024K, 18 young (18432K), 9 survivors (9216K)
 Metaspace       used 109589K, capacity 119972K, committed 120064K, reserved 1153024K
  class space    used 13014K, capacity 16131K, committed 16204K, reserved 1048576K
Event: 170.615 GC heap after
Heap after GC invocations=36 (full 0):
 garbage-first heap   total 372736K, used 125918K [0x00000000c0000000, 0x00000000c0100b60, 0x0000000100000000)
  region size 1024K, 1 young (1024K), 1 survivors (1024K)
 Metaspace       used 109589K, capacity 119972K, committed 120064K, reserved 1153024K
  class space    used 13014K, capacity 16131K, committed 16204K, reserved 1048576K
}
Event: 171.157 GC heap before
{Heap before GC invocations=36 (full 0):
 garbage-first heap   total 372736K, used 316382K [0x00000000c0000000, 0x00000000c0100b60, 0x0000000100000000)
  region size 1024K, 187 young (191488K), 1 survivors (1024K)
 Metaspace       used 109706K, capacity 120072K, committed 120320K, reserved 1153024K
  class space    used 13018K, capacity 16137K, committed 16204K, reserved 1048576K
Event: 171.191 GC heap after
Heap after GC invocations=37 (full 0):
 garbage-first heap   total 372736K, used 125918K [0x00000000c0000000, 0x00000000c0100b60, 0x0000000100000000)
  region size 1024K, 1 young (1024K), 1 survivors (1024K)
 Metaspace       used 109706K, capacity 120072K, committed 120320K, reserved 1153024K
  class space    used 13018K, capacity 16137K, committed 16204K, reserved 1048576K
}
Event: 179.502 GC heap before
{Heap before GC invocations=37 (full 0):
 garbage-first heap   total 372736K, used 323550K [0x00000000c0000000, 0x00000000c0100b60, 0x0000000100000000)
  region size 1024K, 194 young (198656K), 1 survivors (1024K)
 Metaspace       used 110736K, capacity 121216K, committed 121472K, reserved 1155072K
  class space    used 13089K, capacity 16231K, committed 16332K, reserved 1048576K
Event: 179.542 GC heap after
Heap after GC invocations=38 (full 0):
 garbage-first heap   total 372736K, used 129455K [0x00000000c0000000, 0x00000000c0100b60, 0x0000000100000000)
  region size 1024K, 5 young (5120K), 5 survivors (5120K)
 Metaspace       used 110736K, capacity 121216K, committed 121472K, reserved 1155072K
  class space    used 13089K, capacity 16231K, committed 16332K, reserved 1048576K
}
Event: 204.276 GC heap before
{Heap before GC invocations=38 (full 0):
 garbage-first heap   total 372736K, used 324015K [0x00000000c0000000, 0x00000000c0100b60, 0x0000000100000000)
  region size 1024K, 195 young (199680K), 5 survivors (5120K)
 Metaspace       used 121926K, capacity 132904K, committed 133120K, reserved 1165312K
  class space    used 14671K, capacity 17941K, committed 17996K, reserved 1048576K
Event: 204.357 GC heap after
Heap after GC invocations=39 (full 0):
 garbage-first heap   total 372736K, used 148446K [0x00000000c0000000, 0x00000000c0100b60, 0x0000000100000000)
  region size 1024K, 23 young (23552K), 23 survivors (23552K)
 Metaspace       used 121926K, capacity 132904K, committed 133120K, reserved 1165312K
  class space    used 14671K, capacity 17941K, committed 17996K, reserved 1048576K
}
Event: 208.742 GC heap before
{Heap before GC invocations=39 (full 0):
 garbage-first heap   total 372736K, used 308190K [0x00000000c0000000, 0x00000000c0100b60, 0x0000000100000000)
  region size 1024K, 179 young (183296K), 23 survivors (23552K)
 Metaspace       used 131974K, capacity 143764K, committed 144000K, reserved 1173504K
  class space    used 15976K, capacity 19309K, committed 19404K, reserved 1048576K
Event: 208.831 GC heap after
Heap after GC invocations=40 (full 0):
 garbage-first heap   total 372736K, used 157282K [0x00000000c0000000, 0x00000000c0100b60, 0x0000000100000000)
  region size 1024K, 23 young (23552K), 23 survivors (23552K)
 Metaspace       used 131974K, capacity 143764K, committed 144000K, reserved 1173504K
  class space    used 15976K, capacity 19309K, committed 19404K, reserved 1048576K
}

